# JRE version: OpenJDK Runtime Environment (11.0.2+9) (build 11.0.2+9)
# Java VM: OpenJDK 64-Bit Server VM (11.0.2+9, mixed mode, tiered, compressed oops, g1 gc, bsd-amd64)
Heap:
 garbage-first heap   total 131072K, used 6666K [0x0000000780000000, 0x0000000800000000)
  region size 1024K, 6 young (6144K), 5 survivors (5120K)
 Metaspace       used 20656K, capacity 21165K, committed 21552K, reserved 1069056K
  class space    used 2156K, capacity 2360K, committed 2432K, reserved 1048576K
GC Heap History (6 events):
Event: 39.888 GC heap before
{Heap before GC invocations=0 (full 0):
 garbage-first heap   total 131072K, used 16384K [0x0000000780000000, 0x0000000800000000)
  region size 1024K, 14 young (14336K), 0 survivors (0K)
 Metaspace       used 9505K, capacity 9795K, committed 9984K, reserved 1058816K
  class space    used 918K, capacity 1015K, committed 1024K, reserved 1048576K
}
Event: 39.894 GC heap after
{Heap after GC invocations=1 (full 0):
 garbage-first heap   total 131072K, used 5206K [0x0000000780000000, 0x0000000800000000)
  region size 1024K, 2 young (2048K), 2 survivors (2048K)
 Metaspace       used 9505K, capacity 9795K, committed 9984K, reserved 1058816K
  class space    used 918K, capacity 1015K, committed 1024K, reserved 1048576K
}
Event: 6572.192 GC heap before
{Heap before GC invocations=1 (full 0):
 garbage-first heap   total 131072K, used 83030K [0x0000000780000000, 0x0000000800000000)
  region size 1024K, 76 young (77824K), 2 survivors (2048K)
 Metaspace       used 19892K, capacity 20390K, committed 20736K, reserved 1067008K
  class space    used 2021K, capacity 2230K, committed 2304K, reserved 1048576K
}
Event: 6572.231 GC heap after
{Heap after GC invocations=2 (full 0):
 garbage-first heap   total 131072K, used 9042K [0x0000000780000000, 0x0000000800000000)
  region size 1024K, 5 young (5120K), 5 survivors (5120K)
 Metaspace       used 19892K, capacity 20390K, committed 20736K, reserved 1067008K
  class space    used 2021K, capacity 2230K, committed 2304K, reserved 1048576K
}
Event: 6929.759 GC heap before
{Heap before GC invocations=2 (full 0):
 garbage-first heap   total 131072K, used 13138K [0x0000000780000000, 0x0000000800000000)
  region size 1024K, 10 young (10240K), 5 survivors (5120K)
 Metaspace       used 20601K, capacity 21101K, committed 21296K, reserved 1069056K
  class space    used 2135K, capacity 2360K, committed 2432K, reserved 1048576K
}
Event: 6929.785 GC heap after
{Heap after GC invocations=3 (full 0):
 garbage-first heap   total 131072K, used 6666K [0x0000000780000000, 0x0000000800000000)
  region size 1024K, 5 young (5120K), 5 survivors (5120K)
 Metaspace       used 20601K, capacity 21101K, committed 21296K, reserved 1069056K
  class space    used 2135K, capacity 2360K, committed 2432K, reserved 1048576K
}

